<?xml version="1.0" encoding="UTF-8"?>
<testng-results skipped="0" failed="0" total="1" passed="1">
  <reporter-output>
  </reporter-output>
  <suite name="Default suite" duration-ms="55821" started-at="2019-12-10T11:06:56Z" finished-at="2019-12-10T11:07:51Z">
    <groups>
    </groups>
    <test name="Default test" duration-ms="55821" started-at="2019-12-10T11:06:56Z" finished-at="2019-12-10T11:07:51Z">
      <class name="mavenproject.TestMvn">
        <test-method status="PASS" signature="sampleTest()[pri:0, instance:mavenproject.TestMvn@3cda1055]" name="sampleTest" duration-ms="55773" started-at="2019-12-10T16:36:56Z" finished-at="2019-12-10T16:37:51Z">
          <reporter-output>
          </reporter-output>
        </test-method> <!-- sampleTest -->
      </class> <!-- mavenproject.TestMvn -->
    </test> <!-- Default test -->
  </suite> <!-- Default suite -->
</testng-results>
